<?xml version="1.0" encoding="UTF-8"?>
<testsuite xmlns:xsi="http://www.w3.org/2001/XMLSchema-instance" xsi:noNamespaceSchemaLocation="https://maven.apache.org/surefire/maven-surefire-plugin/xsd/surefire-test-report-3.0.xsd" version="3.0" name="Taux_glyce.TauxGlyceApplicationTests" time="14.239" tests="1" errors="0" skipped="0" failures="0">
  <properties>
[...]
</properties>
  <testcase name="contextLoads" classname="Taux_glyce.TauxGlyceApplicationTests" time="1.076">
    <system-out><![CDATA[12:30:12.953 [main] INFO org.springframework.test.context.support.AnnotationConfigContextLoaderUtils -- Could not detect default configuration classes for test class [Taux_glyce.TauxGlyceApplicationTests]: TauxGlyceApplicationTests does not declare any static, non-private, non-final, nested classes annotated with @Configuration.
12:30:13.095 [main] INFO org.springframework.boot.test.context.SpringBootTestContextBootstrapper -- Found @SpringBootConfiguration Taux_glyce.TauxGlyceApplication for test class Taux_glyce.TauxGlyceApplicationTests

  .   ____          _            __ _ _
 /\\ / ___'_ __ _ _(_)_ __  __ _ \ \ \ \
( ( )\___ | '_ | '_| | '_ \/ _` | \ \ \ \
 \\/  ___)| |_)| | | | | || (_| |  ) ) ) )
  '  |____| .__|_| |_|_| |_\__, | / / / /
 =========|_|==============|___/=/_/_/_/
 :: Spring Boot ::                (v3.1.2)

2023-08-02T12:30:13.754Z  INFO 18596 --- [           main] Taux_glyce.TauxGlyceApplicationTests     : Starting TauxGlyceApplicationTests using Java 17.0.1 with PID 18596 (started by hp in C:\Users\hp\Documents\workspace-spring-tool-suite-4-4.13.1.RELEASE\Taux_glyce)
2023-08-02T12:30:13.757Z  INFO 18596 --- [           main] Taux_glyce.TauxGlyceApplicationTests     : No active profile set, falling back to 1 default profile: "default"
2023-08-02T12:30:15.582Z  INFO 18596 --- [           main] .s.d.r.c.RepositoryConfigurationDelegate : Multiple Spring Data modules found, entering strict repository configuration mode
2023-08-02T12:30:15.584Z  INFO 18596 --- [           main] .s.d.r.c.RepositoryConfigurationDelegate : Bootstrapping Spring Data JDBC repositories in DEFAULT mode.
2023-08-02T12:30:15.660Z  INFO 18596 --- [           main] .RepositoryConfigurationExtensionSupport : Spring Data JDBC - Could not safely identify store assignment for repository candidate interface Taux_glyce.Repositorie.Glycemierepository; If you want this repository to be a JDBC repository, consider annotating your entities with one of these annotations: org.springframework.data.relational.core.mapping.Table.
2023-08-02T12:30:15.662Z  INFO 18596 --- [           main] .s.d.r.c.RepositoryConfigurationDelegate : Finished Spring Data repository scanning in 70 ms. Found 0 JDBC repository interfaces.
2023-08-02T12:30:15.685Z  INFO 18596 --- [           main] .s.d.r.c.RepositoryConfigurationDelegate : Multiple Spring Data modules found, entering strict repository configuration mode
2023-08-02T12:30:15.687Z  INFO 18596 --- [           main] .s.d.r.c.RepositoryConfigurationDelegate : Bootstrapping Spring Data JPA repositories in DEFAULT mode.
2023-08-02T12:30:15.735Z  INFO 18596 --- [           main] .s.d.r.c.RepositoryConfigurationDelegate : Finished Spring Data repository scanning in 39 ms. Found 1 JPA repository interfaces.
2023-08-02T12:30:16.635Z  INFO 18596 --- [           main] o.hibernate.jpa.internal.util.LogHelper  : HHH000204: Processing PersistenceUnitInfo [name: default]
2023-08-02T12:30:16.757Z  INFO 18596 --- [           main] org.hibernate.Version                    : HHH000412: Hibernate ORM core version 6.2.6.Final
2023-08-02T12:30:16.760Z  INFO 18596 --- [           main] org.hibernate.cfg.Environment            : HHH000406: Using bytecode reflection optimizer
2023-08-02T12:30:17.080Z  INFO 18596 --- [           main] o.h.b.i.BytecodeProviderInitiator        : HHH000021: Bytecode provider name : bytebuddy
2023-08-02T12:30:17.326Z  INFO 18596 --- [           main] o.s.o.j.p.SpringPersistenceUnitInfo      : No LoadTimeWeaver setup: ignoring JPA class transformer
2023-08-02T12:30:17.357Z  INFO 18596 --- [           main] com.zaxxer.hikari.HikariDataSource       : HikariPool-1 - Starting...
2023-08-02T12:30:20.099Z  INFO 18596 --- [           main] com.zaxxer.hikari.pool.HikariPool        : HikariPool-1 - Added connection org.postgresql.jdbc.PgConnection@6d7b2319
2023-08-02T12:30:20.104Z  INFO 18596 --- [           main] com.zaxxer.hikari.HikariDataSource       : HikariPool-1 - Start completed.
2023-08-02T12:30:21.158Z  INFO 18596 --- [           main] o.h.b.i.BytecodeProviderInitiator        : HHH000021: Bytecode provider name : bytebuddy
2023-08-02T12:30:22.003Z  INFO 18596 --- [           main] o.h.e.t.j.p.i.JtaPlatformInitiator       : HHH000490: Using JtaPlatform implementation: [org.hibernate.engine.transaction.jta.platform.internal.NoJtaPlatform]
Hibernate: alter table if exists glycemie alter column created_at set data type timestamp(6)
Hibernate: alter table if exists glycemie alter column jours set data type timestamp(6)
Hibernate: alter table if exists glycemie alter column updated_at set data type timestamp(6)
Hibernate: alter table if exists glycemie alter column valeur set data type float(53)
2023-08-02T12:30:24.004Z  INFO 18596 --- [           main] j.LocalContainerEntityManagerFactoryBean : Initialized JPA EntityManagerFactory for persistence unit 'default'
2023-08-02T12:30:24.440Z  INFO 18596 --- [           main] o.s.d.j.r.query.QueryEnhancerFactory     : Hibernate is in classpath; If applicable, HQL parser will be used.
2023-08-02T12:30:24.794Z  WARN 18596 --- [           main] JpaBaseConfiguration$JpaWebConfiguration : spring.jpa.open-in-view is enabled by default. Therefore, database queries may be performed during view rendering. Explicitly configure spring.jpa.open-in-view to disable this warning
2023-08-02T12:30:25.819Z  INFO 18596 --- [           main] Taux_glyce.TauxGlyceApplicationTests     : Started TauxGlyceApplicationTests in 12.459 seconds (process running for 14.286)
]]></system-out>
  </testcase>
</testsuite>